<?xml version="1.0" encoding="UTF-8"?>
<testng-results skipped="0" failed="1" ignored="1" total="3" passed="1">
  <reporter-output>
  </reporter-output>
  <suite name="Paraller Execution" duration-ms="26854" started-at="2019-03-04T06:36:31Z" finished-at="2019-03-04T06:36:58Z">
    <groups>
    </groups>
    <test name="Partner test cases" duration-ms="20990" started-at="2019-03-04T06:36:31Z" finished-at="2019-03-04T06:36:52Z">
      <class name="dowuTests.partner">
        <test-method status="FAIL" signature="loginaspartner()[pri:49, instance:dowuTests.partner@100df86]" name="loginaspartner" duration-ms="19751" started-at="2019-03-04T12:06:31Z" finished-at="2019-03-04T12:06:51Z">
          <exception class="org.openqa.selenium.ElementNotInteractableException">
            <message>
              <![CDATA[Element <input class="col span_9_of_12 ng-pristine ng-untouched ng-invalid ng-invalid-required" type="text"> could not be scrolled into view
Build info: version: '3.12.0', revision: '7c6e0b3', time: '2018-05-08T14:04:26.12Z'
System info: host: 'PRANIKSHA-PC', ip: '192.168.0.100', os.name: 'Windows 7', os.arch: 'x86', os.version: '6.1', java.version: '1.8.0_181'
Driver info: org.openqa.selenium.firefox.FirefoxDriver
Capabilities {acceptInsecureCerts: true, browserName: firefox, browserVersion: 65.0.2, capabilities: {desiredCapabilities: {acceptInsecureCerts: true, browserName: firefox}}, javascriptEnabled: true, moz:accessibilityChecks: false, moz:headless: false, moz:processID: 3728, moz:profile: C:\Users\Praniksha\AppData\..., moz:shutdownTimeout: 60000, moz:useNonSpecCompliantPointerOrigin: false, moz:webdriverClick: true, pageLoadStrategy: normal, platform: WINDOWS, platformName: WINDOWS, platformVersion: 6.1, rotatable: false, setWindowRect: true, strictFileInteractability: false, timeouts: {implicit: 0, pageLoad: 300000, script: 30000}, unhandledPromptBehavior: dismiss and notify}
Session ID: f0661396-6793-479c-8884-ec79a5884d21]]>
            </message>
            <full-stacktrace>
              <![CDATA[org.openqa.selenium.ElementNotInteractableException: Element <input class="col span_9_of_12 ng-pristine ng-untouched ng-invalid ng-invalid-required" type="text"> could not be scrolled into view
Build info: version: '3.12.0', revision: '7c6e0b3', time: '2018-05-08T14:04:26.12Z'
System info: host: 'PRANIKSHA-PC', ip: '192.168.0.100', os.name: 'Windows 7', os.arch: 'x86', os.version: '6.1', java.version: '1.8.0_181'
Driver info: org.openqa.selenium.firefox.FirefoxDriver
Capabilities {acceptInsecureCerts: true, browserName: firefox, browserVersion: 65.0.2, capabilities: {desiredCapabilities: {acceptInsecureCerts: true, browserName: firefox}}, javascriptEnabled: true, moz:accessibilityChecks: false, moz:headless: false, moz:processID: 3728, moz:profile: C:\Users\Praniksha\AppData\..., moz:shutdownTimeout: 60000, moz:useNonSpecCompliantPointerOrigin: false, moz:webdriverClick: true, pageLoadStrategy: normal, platform: WINDOWS, platformName: WINDOWS, platformVersion: 6.1, rotatable: false, setWindowRect: true, strictFileInteractability: false, timeouts: {implicit: 0, pageLoad: 300000, script: 30000}, unhandledPromptBehavior: dismiss and notify}
Session ID: f0661396-6793-479c-8884-ec79a5884d21
	at sun.reflect.NativeConstructorAccessorImpl.newInstance0(Native Method)
	at sun.reflect.NativeConstructorAccessorImpl.newInstance(NativeConstructorAccessorImpl.java:62)
	at sun.reflect.DelegatingConstructorAccessorImpl.newInstance(DelegatingConstructorAccessorImpl.java:45)
	at java.lang.reflect.Constructor.newInstance(Constructor.java:423)
	at org.openqa.selenium.remote.http.W3CHttpResponseCodec.createException(W3CHttpResponseCodec.java:187)
	at org.openqa.selenium.remote.http.W3CHttpResponseCodec.decode(W3CHttpResponseCodec.java:122)
	at org.openqa.selenium.remote.http.W3CHttpResponseCodec.decode(W3CHttpResponseCodec.java:49)
	at org.openqa.selenium.remote.HttpCommandExecutor.execute(HttpCommandExecutor.java:158)
	at org.openqa.selenium.remote.service.DriverCommandExecutor.execute(DriverCommandExecutor.java:83)
	at org.openqa.selenium.remote.RemoteWebDriver.execute(RemoteWebDriver.java:543)
	at org.openqa.selenium.remote.RemoteWebElement.execute(RemoteWebElement.java:276)
	at org.openqa.selenium.remote.RemoteWebElement.click(RemoteWebElement.java:83)
	at businessFunctions.partneraccount.login(partneraccount.java:14)
	at dowuTests.partner.loginaspartner(partner.java:16)
	at sun.reflect.NativeMethodAccessorImpl.invoke0(Native Method)
	at sun.reflect.NativeMethodAccessorImpl.invoke(NativeMethodAccessorImpl.java:62)
	at sun.reflect.DelegatingMethodAccessorImpl.invoke(DelegatingMethodAccessorImpl.java:43)
	at java.lang.reflect.Method.invoke(Method.java:498)
	at org.testng.internal.MethodInvocationHelper.invokeMethod(MethodInvocationHelper.java:104)
	at org.testng.internal.Invoker.invokeMethod(Invoker.java:645)
	at org.testng.internal.Invoker.invokeTestMethod(Invoker.java:851)
	at org.testng.internal.Invoker.invokeTestMethods(Invoker.java:1177)
	at org.testng.internal.TestMethodWorker.invokeTestMethods(TestMethodWorker.java:129)
	at org.testng.internal.TestMethodWorker.run(TestMethodWorker.java:112)
	at org.testng.TestRunner.privateRun(TestRunner.java:756)
	at org.testng.TestRunner.run(TestRunner.java:610)
	at org.testng.SuiteRunner.runTest(SuiteRunner.java:387)
	at org.testng.SuiteRunner.access$000(SuiteRunner.java:39)
	at org.testng.SuiteRunner$SuiteWorker.run(SuiteRunner.java:421)
	at org.testng.internal.thread.ThreadUtil$2.call(ThreadUtil.java:64)
	at java.util.concurrent.FutureTask.run(FutureTask.java:266)
	at java.util.concurrent.ThreadPoolExecutor.runWorker(ThreadPoolExecutor.java:1149)
	at java.util.concurrent.ThreadPoolExecutor$Worker.run(ThreadPoolExecutor.java:624)
	at java.lang.Thread.run(Thread.java:748)
]]>
            </full-stacktrace>
          </exception> <!-- org.openqa.selenium.ElementNotInteractableException -->
          <reporter-output>
          </reporter-output>
        </test-method> <!-- loginaspartner -->
        <test-method status="PASS" signature="startTest()[pri:0, instance:dowuTests.partner@100df86]" name="startTest" is-config="true" duration-ms="1093" started-at="2019-03-04T12:06:51Z" finished-at="2019-03-04T12:06:52Z">
          <reporter-output>
          </reporter-output>
        </test-method> <!-- startTest -->
      </class> <!-- dowuTests.partner -->
    </test> <!-- Partner test cases -->
    <test name="Host test cases" duration-ms="26780" started-at="2019-03-04T06:36:31Z" finished-at="2019-03-04T06:36:58Z">
      <class name="dowuTests.host">
        <test-method status="PASS" signature="setupSuite()[pri:0, instance:dowuTests.host@322d26]" name="setupSuite" is-config="true" duration-ms="36337" started-at="2019-03-04T12:05:54Z" finished-at="2019-03-04T12:06:31Z">
          <reporter-output>
          </reporter-output>
        </test-method> <!-- setupSuite -->
        <test-method status="PASS" signature="hostlogin()[pri:49, instance:dowuTests.host@322d26]" name="hostlogin" duration-ms="26630" started-at="2019-03-04T12:06:31Z" finished-at="2019-03-04T12:06:58Z">
          <reporter-output>
          </reporter-output>
        </test-method> <!-- hostlogin -->
        <test-method status="PASS" signature="startTest()[pri:0, instance:dowuTests.host@322d26]" name="startTest" is-config="true" duration-ms="100" started-at="2019-03-04T12:06:58Z" finished-at="2019-03-04T12:06:58Z">
          <reporter-output>
          </reporter-output>
        </test-method> <!-- startTest -->
        <test-method status="PASS" signature="tearDown(org.testng.ITestContext)[pri:0, instance:dowuTests.host@322d26]" name="tearDown" is-config="true" duration-ms="3173" started-at="2019-03-04T12:06:58Z" finished-at="2019-03-04T12:07:01Z">
          <params>
            <param index="0">
              <value>
                <![CDATA[org.testng.TestRunner@78d320]]>
              </value>
            </param>
          </params>
          <reporter-output>
          </reporter-output>
        </test-method> <!-- tearDown -->
      </class> <!-- dowuTests.host -->
    </test> <!-- Host test cases -->
  </suite> <!-- Paraller Execution -->
</testng-results>
